<?xml version="1.0" encoding="UTF-8"?>
<!-- Generated by org.testng.reporters.JUnitXMLReporter -->
<testsuite ignored="3" hostname="DESKTOP-MMIQK27" failures="0" tests="0" time="0.001" errors="0" timestamp="2023-05-07T12:50:14 IST">
  <testcase classname="TestNG.day3" name="MobileLogout" time="0.0">
    <ignored/>
  </testcase> <!-- MobileLogout -->
  <testcase classname="TestNG.day3" name="Mobile" time="0.0">
    <ignored/>
  </testcase> <!-- Mobile -->
  <testcase classname="TestNG.day3" name="MobileLogin" time="0.0">
    <ignored/>
  </testcase> <!-- MobileLogin -->
</testsuite>
