<?xml version="1.0" encoding="UTF-8"?>
<!-- Generated by org.testng.reporters.JUnitXMLReporter -->
<testsuite ignored="4" hostname="DESKTOP-MMIQK27" failures="0" tests="8" name="Test" time="0.043" errors="0" timestamp="2023-05-08T17:18:50 IST">
  <testcase classname="TestNG.day1" name="daym" time="0.004"/>
  <testcase classname="TestNG.day2" name="Login2" time="0.001"/>
  <testcase classname="TestNG.day4" name="Login3" time="0.002"/>
  <testcase classname="TestNG.day3" name="Mobile" time="0.0"/>
  <testcase classname="TestNG.day3" name="Mobile" time="0.001"/>
  <testcase classname="TestNG.day3" name="Mobile" time="0.001"/>
  <testcase classname="TestNG.day3" name="MobileLogin" time="0.0"/>
  <testcase classname="TestNG.day1" name="day" time="0.001"/>
  <testcase classname="TestNG.day2" name="Login" time="0.0">
    <ignored/>
  </testcase> <!-- Login -->
  <testcase classname="TestNG.day4" name="Login2" time="0.0">
    <ignored/>
  </testcase> <!-- Login2 -->
  <testcase classname="TestNG.day3" name="MobileLogout" time="0.0">
    <ignored/>
  </testcase> <!-- MobileLogout -->
  <testcase classname="TestNG.day4" name="Login" time="0.0">
    <ignored/>
  </testcase> <!-- Login -->
</testsuite> <!-- Test -->
