<?xml version="1.0" encoding="UTF-8"?>
<!-- Generated by org.testng.reporters.JUnitXMLReporter -->
<testsuite ignored="1" hostname="DESKTOP-MMIQK27" failures="0" tests="6" name="Test" time="0.039" errors="0" timestamp="2023-05-05T17:19:16 IST">
  <testcase classname="TestNG.day1" name="daym" time="0.007"/>
  <testcase classname="TestNG.day2" name="Login" time="0.0"/>
  <testcase classname="TestNG.day2" name="Login2" time="0.001"/>
  <testcase classname="TestNG.day4" name="Login" time="0.001"/>
  <testcase classname="TestNG.day4" name="Login2" time="0.001"/>
  <testcase classname="TestNG.day4" name="Login3" time="0.001"/>
  <testcase classname="TestNG.day1" name="day" time="0.0">
    <ignored/>
  </testcase> <!-- day -->
</testsuite> <!-- Test -->
