<?xml version="1.0" encoding="UTF-8"?>
<testng-results ignored="0" total="1" passed="1" failed="0" skipped="0">
  <reporter-output>
  </reporter-output>
  <suite started-at="2023-05-20T22:48:55 IST" name="Default suite" finished-at="2023-05-20T22:49:04 IST" duration-ms="9029">
    <groups>
    </groups>
    <test started-at="2023-05-20T22:48:55 IST" name="Default test" finished-at="2023-05-20T22:49:04 IST" duration-ms="9029">
      <class name="TestNG.TestNG_Introduction">
        <test-method signature="demo()[pri:0, instance:TestNG.TestNG_Introduction@4ac3c60d]" started-at="2023-05-20T22:48:55 IST" name="demo" finished-at="2023-05-20T22:49:04 IST" duration-ms="8977" status="PASS">
          <reporter-output>
          </reporter-output>
        </test-method> <!-- demo -->
      </class> <!-- TestNG.TestNG_Introduction -->
    </test> <!-- Default test -->
  </suite> <!-- Default suite -->
</testng-results>
